/home/dduran/.local/lib/python3.6/site-packages/torch/utils/data/dataloader.py:481: UserWarning: This DataLoader will create 10 worker processes in total. Our suggested max number of worker in current system is 4, which is smaller than what this DataLoader is going to create. Please be aware that excessive worker creation might get DataLoader running slow or even freeze, lower the worker number to avoid potential slowness/freeze if necessary.
  cpuset_checked))
Traceback (most recent call last):
  File "/home/dduran/My_TFG/DeepRelight-master/train.py", line 40, in <module>
    model = create_model(opt)
  File "/home/dduran/My_TFG/DeepRelight-master/models/models.py", line 13, in create_model
    model.initialize(opt)
  File "/home/dduran/My_TFG/DeepRelight-master/models/pix2pixHD_model.py", line 43, in initialize
    opt.n_blocks_local, opt.norm, gpu_ids=self.gpu_ids)
  File "/home/dduran/My_TFG/DeepRelight-master/models/networks.py", line 47, in define_G
    netG.cuda(gpu_ids[0])
  File "/home/dduran/.local/lib/python3.6/site-packages/torch/nn/modules/module.py", line 680, in cuda
    return self._apply(lambda t: t.cuda(device))
  File "/home/dduran/.local/lib/python3.6/site-packages/torch/nn/modules/module.py", line 570, in _apply
    module._apply(fn)
  File "/home/dduran/.local/lib/python3.6/site-packages/torch/nn/modules/module.py", line 570, in _apply
    module._apply(fn)
  File "/home/dduran/.local/lib/python3.6/site-packages/torch/nn/modules/module.py", line 570, in _apply
    module._apply(fn)
  File "/home/dduran/.local/lib/python3.6/site-packages/torch/nn/modules/module.py", line 593, in _apply
    param_applied = fn(param)
  File "/home/dduran/.local/lib/python3.6/site-packages/torch/nn/modules/module.py", line 680, in <lambda>
    return self._apply(lambda t: t.cuda(device))
RuntimeError: CUDA error: invalid device ordinal
CUDA kernel errors might be asynchronously reported at some other API call,so the stacktrace below might be incorrect.
For debugging consider passing CUDA_LAUNCH_BLOCKING=1.
